{"uuid":"8e4849e7-9247-4f8a-96bc-8280c02eb64f","historyId":"9c3281a9ac3c0014d7ae01029c54843e","testCaseId":"b4b31daa51ee82a28c0c3b3276492755","fullName":"src/test/resources/Features/6fileupload.feature:3","labels":[{"name":"host","value":"IN-TN5LPW115856"},{"name":"thread","value":"11828@IN-TN5LPW115856.main(1)"},{"name":"feature","value":"To upload files to the salesforce"},{"name":"story","value":"Upload a file"},{"name":"suite","value":"To upload files to the salesforce"},{"name":"testClass","value":"Upload a file"},{"name":"framework","value":"cucumber4jvm"},{"name":"language","value":"java"},{"name":"gherkin_uri","value":"file:///C:/Users/Akshaya.b/git/cucumber-framework/src/test/resources/Features/6fileupload.feature"},{"name":"package","value":"src.test.resources.Features.6fileupload_feature.To upload files to the salesforce"}],"links":[],"name":"Upload a file","status":"broken","statusDetails":{"known":false,"muted":false,"flaky":false,"message":"javascript error: Cannot read properties of undefined (reading 'defaultView')\n  (Session info: chrome=124.0.6367.119)\nBuild info: version: '4.12.1', revision: '8e34639b11'\nSystem info: os.name: 'Windows 11', os.arch: 'amd64', os.version: '10.0', java.version: '17.0.10'\nDriver info: org.openqa.selenium.chrome.ChromeDriver\nCommand: [1363674adfcc2569cf05bf8d480c4432, clickElement {id=f.0BEA9D04B8EC73D52FA58C1A5C99B526.d.387781D4A70D236D5FAD07A1FE517E0A.e.29}]\nCapabilities {acceptInsecureCerts: false, browserName: chrome, browserVersion: 124.0.6367.119, chrome: {chromedriverVersion: 124.0.6367.91 (51df0e5e17a8..., userDataDir: C:\\Users\\Akshaya.b\\AppData\\...}, fedcm:accounts: true, goog:chromeOptions: {debuggerAddress: localhost:59082}, networkConnectionEnabled: false, pageLoadStrategy: normal, platformName: windows, proxy: Proxy(), se:cdp: ws://localhost:59082/devtoo..., se:cdpVersion: 124.0.6367.119, setWindowRect: true, strictFileInteractability: false, timeouts: {implicit: 0, pageLoad: 300000, script: 30000}, unhandledPromptBehavior: dismiss and notify, webauthn:extension:credBlob: true, webauthn:extension:largeBlob: true, webauthn:extension:minPinLength: true, webauthn:extension:prf: true, webauthn:virtualAuthenticators: true}\nElement: [[ChromeDriver: chrome on windows (1363674adfcc2569cf05bf8d480c4432)] -> xpath: //a[@title='Files']//child::span[contains(text(),'Files')]]\nSession ID: 1363674adfcc2569cf05bf8d480c4432","trace":"org.openqa.selenium.JavascriptException: javascript error: Cannot read properties of undefined (reading 'defaultView')\n  (Session info: chrome=124.0.6367.119)\nBuild info: version: '4.12.1', revision: '8e34639b11'\nSystem info: os.name: 'Windows 11', os.arch: 'amd64', os.version: '10.0', java.version: '17.0.10'\nDriver info: org.openqa.selenium.chrome.ChromeDriver\nCommand: [1363674adfcc2569cf05bf8d480c4432, clickElement {id=f.0BEA9D04B8EC73D52FA58C1A5C99B526.d.387781D4A70D236D5FAD07A1FE517E0A.e.29}]\nCapabilities {acceptInsecureCerts: false, browserName: chrome, browserVersion: 124.0.6367.119, chrome: {chromedriverVersion: 124.0.6367.91 (51df0e5e17a8..., userDataDir: C:\\Users\\Akshaya.b\\AppData\\...}, fedcm:accounts: true, goog:chromeOptions: {debuggerAddress: localhost:59082}, networkConnectionEnabled: false, pageLoadStrategy: normal, platformName: windows, proxy: Proxy(), se:cdp: ws://localhost:59082/devtoo..., se:cdpVersion: 124.0.6367.119, setWindowRect: true, strictFileInteractability: false, timeouts: {implicit: 0, pageLoad: 300000, script: 30000}, unhandledPromptBehavior: dismiss and notify, webauthn:extension:credBlob: true, webauthn:extension:largeBlob: true, webauthn:extension:minPinLength: true, webauthn:extension:prf: true, webauthn:virtualAuthenticators: true}\nElement: [[ChromeDriver: chrome on windows (1363674adfcc2569cf05bf8d480c4432)] -> xpath: //a[@title='Files']//child::span[contains(text(),'Files')]]\nSession ID: 1363674adfcc2569cf05bf8d480c4432\r\n\tat java.base/jdk.internal.reflect.NativeConstructorAccessorImpl.newInstance0(Native Method)\r\n\tat java.base/jdk.internal.reflect.NativeConstructorAccessorImpl.newInstance(NativeConstructorAccessorImpl.java:77)\r\n\tat java.base/jdk.internal.reflect.DelegatingConstructorAccessorImpl.newInstance(DelegatingConstructorAccessorImpl.java:45)\r\n\tat java.base/java.lang.reflect.Constructor.newInstanceWithCaller(Constructor.java:499)\r\n\tat java.base/java.lang.reflect.Constructor.newInstance(Constructor.java:480)\r\n\tat org.openqa.selenium.remote.codec.w3c.W3CHttpResponseCodec.createException(W3CHttpResponseCodec.java:200)\r\n\tat org.openqa.selenium.remote.codec.w3c.W3CHttpResponseCodec.decode(W3CHttpResponseCodec.java:133)\r\n\tat org.openqa.selenium.remote.codec.w3c.W3CHttpResponseCodec.decode(W3CHttpResponseCodec.java:52)\r\n\tat org.openqa.selenium.remote.HttpCommandExecutor.execute(HttpCommandExecutor.java:191)\r\n\tat org.openqa.selenium.remote.service.DriverCommandExecutor.invokeExecute(DriverCommandExecutor.java:196)\r\n\tat org.openqa.selenium.remote.service.DriverCommandExecutor.execute(DriverCommandExecutor.java:171)\r\n\tat org.openqa.selenium.remote.RemoteWebDriver.execute(RemoteWebDriver.java:602)\r\n\tat org.openqa.selenium.remote.RemoteWebElement.execute(RemoteWebElement.java:224)\r\n\tat org.openqa.selenium.remote.RemoteWebElement.click(RemoteWebElement.java:77)\r\n\tat java.base/jdk.internal.reflect.NativeMethodAccessorImpl.invoke0(Native Method)\r\n\tat java.base/jdk.internal.reflect.NativeMethodAccessorImpl.invoke(NativeMethodAccessorImpl.java:77)\r\n\tat java.base/jdk.internal.reflect.DelegatingMethodAccessorImpl.invoke(DelegatingMethodAccessorImpl.java:43)\r\n\tat java.base/java.lang.reflect.Method.invoke(Method.java:568)\r\n\tat org.openqa.selenium.support.pagefactory.internal.LocatingElementHandler.invoke(LocatingElementHandler.java:51)\r\n\tat jdk.proxy2/jdk.proxy2.$Proxy35.click(Unknown Source)\r\n\tat org.advancedautomation.pageclass.FileUploadPage.clickFileBtn(FileUploadPage.java:23)\r\n\tat stepDefinitions.FileUploadStep.user_clicks_the_upload_files_button(FileUploadStep.java:20)\r\n\tat ✽.User clicks the upload files button(file:///C:/Users/Akshaya.b/git/cucumber-framework/src/test/resources/Features/6fileupload.feature:5)\r\n"},"stage":"finished","steps":[{"name":"Given User clicks the file upload tab","status":"passed","statusDetails":{"known":false,"muted":false,"flaky":false},"stage":"finished","steps":[],"attachments":[],"parameters":[],"start":1714997562397,"stop":1714997563800},{"name":"And User clicks the upload files button","status":"broken","statusDetails":{"known":false,"muted":false,"flaky":false,"message":"javascript error: Cannot read properties of undefined (reading 'defaultView')\n  (Session info: chrome=124.0.6367.119)\nBuild info: version: '4.12.1', revision: '8e34639b11'\nSystem info: os.name: 'Windows 11', os.arch: 'amd64', os.version: '10.0', java.version: '17.0.10'\nDriver info: org.openqa.selenium.chrome.ChromeDriver\nCommand: [1363674adfcc2569cf05bf8d480c4432, clickElement {id=f.0BEA9D04B8EC73D52FA58C1A5C99B526.d.387781D4A70D236D5FAD07A1FE517E0A.e.29}]\nCapabilities {acceptInsecureCerts: false, browserName: chrome, browserVersion: 124.0.6367.119, chrome: {chromedriverVersion: 124.0.6367.91 (51df0e5e17a8..., userDataDir: C:\\Users\\Akshaya.b\\AppData\\...}, fedcm:accounts: true, goog:chromeOptions: {debuggerAddress: localhost:59082}, networkConnectionEnabled: false, pageLoadStrategy: normal, platformName: windows, proxy: Proxy(), se:cdp: ws://localhost:59082/devtoo..., se:cdpVersion: 124.0.6367.119, setWindowRect: true, strictFileInteractability: false, timeouts: {implicit: 0, pageLoad: 300000, script: 30000}, unhandledPromptBehavior: dismiss and notify, webauthn:extension:credBlob: true, webauthn:extension:largeBlob: true, webauthn:extension:minPinLength: true, webauthn:extension:prf: true, webauthn:virtualAuthenticators: true}\nElement: [[ChromeDriver: chrome on windows (1363674adfcc2569cf05bf8d480c4432)] -> xpath: //a[@title='Files']//child::span[contains(text(),'Files')]]\nSession ID: 1363674adfcc2569cf05bf8d480c4432","trace":"org.openqa.selenium.JavascriptException: javascript error: Cannot read properties of undefined (reading 'defaultView')\n  (Session info: chrome=124.0.6367.119)\nBuild info: version: '4.12.1', revision: '8e34639b11'\nSystem info: os.name: 'Windows 11', os.arch: 'amd64', os.version: '10.0', java.version: '17.0.10'\nDriver info: org.openqa.selenium.chrome.ChromeDriver\nCommand: [1363674adfcc2569cf05bf8d480c4432, clickElement {id=f.0BEA9D04B8EC73D52FA58C1A5C99B526.d.387781D4A70D236D5FAD07A1FE517E0A.e.29}]\nCapabilities {acceptInsecureCerts: false, browserName: chrome, browserVersion: 124.0.6367.119, chrome: {chromedriverVersion: 124.0.6367.91 (51df0e5e17a8..., userDataDir: C:\\Users\\Akshaya.b\\AppData\\...}, fedcm:accounts: true, goog:chromeOptions: {debuggerAddress: localhost:59082}, networkConnectionEnabled: false, pageLoadStrategy: normal, platformName: windows, proxy: Proxy(), se:cdp: ws://localhost:59082/devtoo..., se:cdpVersion: 124.0.6367.119, setWindowRect: true, strictFileInteractability: false, timeouts: {implicit: 0, pageLoad: 300000, script: 30000}, unhandledPromptBehavior: dismiss and notify, webauthn:extension:credBlob: true, webauthn:extension:largeBlob: true, webauthn:extension:minPinLength: true, webauthn:extension:prf: true, webauthn:virtualAuthenticators: true}\nElement: [[ChromeDriver: chrome on windows (1363674adfcc2569cf05bf8d480c4432)] -> xpath: //a[@title='Files']//child::span[contains(text(),'Files')]]\nSession ID: 1363674adfcc2569cf05bf8d480c4432\r\n\tat java.base/jdk.internal.reflect.NativeConstructorAccessorImpl.newInstance0(Native Method)\r\n\tat java.base/jdk.internal.reflect.NativeConstructorAccessorImpl.newInstance(NativeConstructorAccessorImpl.java:77)\r\n\tat java.base/jdk.internal.reflect.DelegatingConstructorAccessorImpl.newInstance(DelegatingConstructorAccessorImpl.java:45)\r\n\tat java.base/java.lang.reflect.Constructor.newInstanceWithCaller(Constructor.java:499)\r\n\tat java.base/java.lang.reflect.Constructor.newInstance(Constructor.java:480)\r\n\tat org.openqa.selenium.remote.codec.w3c.W3CHttpResponseCodec.createException(W3CHttpResponseCodec.java:200)\r\n\tat org.openqa.selenium.remote.codec.w3c.W3CHttpResponseCodec.decode(W3CHttpResponseCodec.java:133)\r\n\tat org.openqa.selenium.remote.codec.w3c.W3CHttpResponseCodec.decode(W3CHttpResponseCodec.java:52)\r\n\tat org.openqa.selenium.remote.HttpCommandExecutor.execute(HttpCommandExecutor.java:191)\r\n\tat org.openqa.selenium.remote.service.DriverCommandExecutor.invokeExecute(DriverCommandExecutor.java:196)\r\n\tat org.openqa.selenium.remote.service.DriverCommandExecutor.execute(DriverCommandExecutor.java:171)\r\n\tat org.openqa.selenium.remote.RemoteWebDriver.execute(RemoteWebDriver.java:602)\r\n\tat org.openqa.selenium.remote.RemoteWebElement.execute(RemoteWebElement.java:224)\r\n\tat org.openqa.selenium.remote.RemoteWebElement.click(RemoteWebElement.java:77)\r\n\tat java.base/jdk.internal.reflect.NativeMethodAccessorImpl.invoke0(Native Method)\r\n\tat java.base/jdk.internal.reflect.NativeMethodAccessorImpl.invoke(NativeMethodAccessorImpl.java:77)\r\n\tat java.base/jdk.internal.reflect.DelegatingMethodAccessorImpl.invoke(DelegatingMethodAccessorImpl.java:43)\r\n\tat java.base/java.lang.reflect.Method.invoke(Method.java:568)\r\n\tat org.openqa.selenium.support.pagefactory.internal.LocatingElementHandler.invoke(LocatingElementHandler.java:51)\r\n\tat jdk.proxy2/jdk.proxy2.$Proxy35.click(Unknown Source)\r\n\tat org.advancedautomation.pageclass.FileUploadPage.clickFileBtn(FileUploadPage.java:23)\r\n\tat stepDefinitions.FileUploadStep.user_clicks_the_upload_files_button(FileUploadStep.java:20)\r\n\tat ✽.User clicks the upload files button(file:///C:/Users/Akshaya.b/git/cucumber-framework/src/test/resources/Features/6fileupload.feature:5)\r\n"},"stage":"finished","steps":[],"attachments":[],"parameters":[],"start":1714997563801,"stop":1714997564305},{"name":"And User chooses the file","status":"skipped","statusDetails":{"known":false,"muted":false,"flaky":false},"stage":"finished","steps":[],"attachments":[],"parameters":[],"start":1714997564306,"stop":1714997564307},{"name":"And User clicks the done button","status":"skipped","statusDetails":{"known":false,"muted":false,"flaky":false},"stage":"finished","steps":[],"attachments":[],"parameters":[],"start":1714997564307,"stop":1714997564307}],"attachments":[],"parameters":[],"start":1714997562392,"stop":1714997564463}