{"uuid":"91f8e91f-c7ad-4a60-a07c-fa5dc8b3990c","historyId":"2f68c7656d6b5b6ba4aa6b8090734119","testCaseId":"c9352df452f8163287a5c07935eb687","fullName":"src/test/resources/Features/2home.feature:4","labels":[{"name":"tag","value":"smoketest"},{"name":"host","value":"IN-TN5LPW115856"},{"name":"thread","value":"6024@IN-TN5LPW115856.main(1)"},{"name":"feature","value":"To test the home page functionality"},{"name":"story","value":"Validate the login is successful with valid credentials"},{"name":"suite","value":"To test the home page functionality"},{"name":"testClass","value":"Validate the login is successful with valid credentials"},{"name":"framework","value":"cucumber4jvm"},{"name":"language","value":"java"},{"name":"gherkin_uri","value":"file:///C:/Users/Akshaya.b/git/cucumber-framework/src/test/resources/Features/2home.feature"},{"name":"package","value":"src.test.resources.Features.2home_feature.To test the home page functionality"}],"links":[],"name":"Validate the login is successful with valid credentials","status":"broken","statusDetails":{"known":false,"muted":false,"flaky":false,"message":"Communications link failure\n\nThe last packet sent successfully to the server was 0 milliseconds ago. The driver has not received any packets from the server.","trace":"com.mysql.cj.jdbc.exceptions.CommunicationsException: Communications link failure\n\nThe last packet sent successfully to the server was 0 milliseconds ago. The driver has not received any packets from the server.\r\n\tat com.mysql.cj.jdbc.exceptions.SQLError.createCommunicationsException(SQLError.java:174)\r\n\tat com.mysql.cj.jdbc.exceptions.SQLExceptionsMapping.translateException(SQLExceptionsMapping.java:64)\r\n\tat com.mysql.cj.jdbc.ConnectionImpl.createNewIO(ConnectionImpl.java:815)\r\n\tat com.mysql.cj.jdbc.ConnectionImpl.<init>(ConnectionImpl.java:438)\r\n\tat com.mysql.cj.jdbc.ConnectionImpl.getInstance(ConnectionImpl.java:241)\r\n\tat com.mysql.cj.jdbc.NonRegisteringDriver.connect(NonRegisteringDriver.java:189)\r\n\tat java.sql/java.sql.DriverManager.getConnection(DriverManager.java:681)\r\n\tat java.sql/java.sql.DriverManager.getConnection(DriverManager.java:229)\r\n\tat org.advancedautomation.db.Database.getLoginCredentials(Database.java:17)\r\n\tat stepDefinitions.LoginStep.user_should_enter_the_username_and_password(LoginStep.java:45)\r\n\tat ✽.User should enter the username and password(file:///C:/Users/Akshaya.b/git/cucumber-framework/src/test/resources/Features/2home.feature:6)\r\nCaused by: com.mysql.cj.exceptions.CJCommunicationsException: Communications link failure\n\nThe last packet sent successfully to the server was 0 milliseconds ago. The driver has not received any packets from the server.\r\n\tat java.base/jdk.internal.reflect.NativeConstructorAccessorImpl.newInstance0(Native Method)\r\n\tat java.base/jdk.internal.reflect.NativeConstructorAccessorImpl.newInstance(NativeConstructorAccessorImpl.java:77)\r\n\tat java.base/jdk.internal.reflect.DelegatingConstructorAccessorImpl.newInstance(DelegatingConstructorAccessorImpl.java:45)\r\n\tat java.base/java.lang.reflect.Constructor.newInstanceWithCaller(Constructor.java:499)\r\n\tat java.base/java.lang.reflect.Constructor.newInstance(Constructor.java:480)\r\n\tat com.mysql.cj.exceptions.ExceptionFactory.createException(ExceptionFactory.java:61)\r\n\tat com.mysql.cj.exceptions.ExceptionFactory.createException(ExceptionFactory.java:104)\r\n\tat com.mysql.cj.exceptions.ExceptionFactory.createException(ExceptionFactory.java:149)\r\n\tat com.mysql.cj.exceptions.ExceptionFactory.createCommunicationsException(ExceptionFactory.java:165)\r\n\tat com.mysql.cj.protocol.a.NativeSocketConnection.connect(NativeSocketConnection.java:88)\r\n\tat com.mysql.cj.NativeSession.connect(NativeSession.java:120)\r\n\tat com.mysql.cj.jdbc.ConnectionImpl.connectOneTryOnly(ConnectionImpl.java:935)\r\n\tat com.mysql.cj.jdbc.ConnectionImpl.createNewIO(ConnectionImpl.java:805)\r\n\tat com.mysql.cj.jdbc.ConnectionImpl.<init>(ConnectionImpl.java:438)\r\n\tat com.mysql.cj.jdbc.ConnectionImpl.getInstance(ConnectionImpl.java:241)\r\n\tat com.mysql.cj.jdbc.NonRegisteringDriver.connect(NonRegisteringDriver.java:189)\r\n\tat java.sql/java.sql.DriverManager.getConnection(DriverManager.java:681)\r\n\tat java.sql/java.sql.DriverManager.getConnection(DriverManager.java:229)\r\n\tat org.advancedautomation.db.Database.getLoginCredentials(Database.java:17)\r\n\tat stepDefinitions.LoginStep.user_should_enter_the_username_and_password(LoginStep.java:45)\r\n\tat java.base/jdk.internal.reflect.NativeMethodAccessorImpl.invoke0(Native Method)\r\n\tat java.base/jdk.internal.reflect.NativeMethodAccessorImpl.invoke(NativeMethodAccessorImpl.java:77)\r\n\tat java.base/jdk.internal.reflect.DelegatingMethodAccessorImpl.invoke(DelegatingMethodAccessorImpl.java:43)\r\n\tat java.base/java.lang.reflect.Method.invoke(Method.java:568)\r\n\tat io.cucumber.java.Invoker.doInvoke(Invoker.java:66)\r\n\tat io.cucumber.java.Invoker.invoke(Invoker.java:24)\r\n\tat io.cucumber.java.AbstractGlueDefinition.invokeMethod(AbstractGlueDefinition.java:47)\r\n\tat io.cucumber.java.JavaStepDefinition.execute(JavaStepDefinition.java:29)\r\n\tat io.cucumber.core.runner.CoreStepDefinition.execute(CoreStepDefinition.java:66)\r\n\tat io.cucumber.core.runner.PickleStepDefinitionMatch.runStep(PickleStepDefinitionMatch.java:63)\r\n\tat io.cucumber.core.runner.ExecutionMode$1.execute(ExecutionMode.java:10)\r\n\tat io.cucumber.core.runner.TestStep.executeStep(TestStep.java:84)\r\n\tat io.cucumber.core.runner.TestStep.run(TestStep.java:56)\r\n\tat io.cucumber.core.runner.PickleStepTestStep.run(PickleStepTestStep.java:51)\r\n\tat io.cucumber.core.runner.TestCase.run(TestCase.java:84)\r\n\tat io.cucumber.core.runner.Runner.runPickle(Runner.java:75)\r\n\tat io.cucumber.junit.PickleRunners$NoStepDescriptions.lambda$run$0(PickleRunners.java:151)\r\n\tat io.cucumber.core.runtime.CucumberExecutionContext.lambda$runTestCase$5(CucumberExecutionContext.java:137)\r\n\tat io.cucumber.core.runtime.RethrowingThrowableCollector.executeAndThrow(RethrowingThrowableCollector.java:23)\r\n\tat io.cucumber.core.runtime.CucumberExecutionContext.runTestCase(CucumberExecutionContext.java:137)\r\n\tat io.cucumber.junit.PickleRunners$NoStepDescriptions.run(PickleRunners.java:148)\r\n\tat io.cucumber.junit.FeatureRunner.runChild(FeatureRunner.java:144)\r\n\tat io.cucumber.junit.FeatureRunner.runChild(FeatureRunner.java:28)\r\n\tat org.junit.runners.ParentRunner$4.run(ParentRunner.java:331)\r\n\tat org.junit.runners.ParentRunner$1.schedule(ParentRunner.java:79)\r\n\tat org.junit.runners.ParentRunner.runChildren(ParentRunner.java:329)\r\n\tat org.junit.runners.ParentRunner.access$100(ParentRunner.java:66)\r\n\tat org.junit.runners.ParentRunner$2.evaluate(ParentRunner.java:293)\r\n\tat org.junit.runners.ParentRunner$3.evaluate(ParentRunner.java:306)\r\n\tat org.junit.runners.ParentRunner.run(ParentRunner.java:413)\r\n\tat io.cucumber.junit.FeatureRunner.run(FeatureRunner.java:137)\r\n\tat io.cucumber.junit.Cucumber.runChild(Cucumber.java:196)\r\n\tat io.cucumber.junit.Cucumber.runChild(Cucumber.java:89)\r\n\tat org.junit.runners.ParentRunner$4.run(ParentRunner.java:331)\r\n\tat org.junit.runners.ParentRunner$1.schedule(ParentRunner.java:79)\r\n\tat org.junit.runners.ParentRunner.runChildren(ParentRunner.java:329)\r\n\tat org.junit.runners.ParentRunner.access$100(ParentRunner.java:66)\r\n\tat org.junit.runners.ParentRunner$2.evaluate(ParentRunner.java:293)\r\n\tat io.cucumber.core.runtime.CucumberExecutionContext.lambda$runFeatures$6(CucumberExecutionContext.java:148)\r\n\tat io.cucumber.core.runtime.CucumberExecutionContext.execute(CucumberExecutionContext.java:163)\r\n\tat io.cucumber.core.runtime.CucumberExecutionContext.runFeatures(CucumberExecutionContext.java:146)\r\n\tat io.cucumber.junit.Cucumber$StartAndFinishTestRun.evaluate(Cucumber.java:226)\r\n\tat org.junit.runners.ParentRunner$3.evaluate(ParentRunner.java:306)\r\n\tat org.junit.runners.ParentRunner.run(ParentRunner.java:413)\r\n\tat org.eclipse.jdt.internal.junit4.runner.JUnit4TestReference.run(JUnit4TestReference.java:93)\r\n\tat org.eclipse.jdt.internal.junit.runner.TestExecution.run(TestExecution.java:40)\r\n\tat org.eclipse.jdt.internal.junit.runner.RemoteTestRunner.runTests(RemoteTestRunner.java:529)\r\n\tat org.eclipse.jdt.internal.junit.runner.RemoteTestRunner.runTests(RemoteTestRunner.java:757)\r\n\tat org.eclipse.jdt.internal.junit.runner.RemoteTestRunner.run(RemoteTestRunner.java:452)\r\n\tat org.eclipse.jdt.internal.junit.runner.RemoteTestRunner.main(RemoteTestRunner.java:210)\r\nCaused by: java.net.ConnectException: Connection refused: connect\r\n\tat java.base/sun.nio.ch.Net.connect0(Native Method)\r\n\tat java.base/sun.nio.ch.Net.connect(Net.java:579)\r\n\tat java.base/sun.nio.ch.Net.connect(Net.java:568)\r\n\tat java.base/sun.nio.ch.NioSocketImpl.connect(NioSocketImpl.java:593)\r\n\tat java.base/java.net.SocksSocketImpl.connect(SocksSocketImpl.java:327)\r\n\tat java.base/java.net.Socket.connect(Socket.java:633)\r\n\tat com.mysql.cj.protocol.StandardSocketFactory.connect(StandardSocketFactory.java:153)\r\n\tat com.mysql.cj.protocol.a.NativeSocketConnection.connect(NativeSocketConnection.java:62)\r\n\t... 60 more\r\n"},"stage":"finished","steps":[{"name":"Given User should navigate to the salesforce web application","status":"passed","statusDetails":{"known":false,"muted":false,"flaky":false},"stage":"finished","steps":[],"attachments":[],"parameters":[],"start":1714546336793,"stop":1714546337041},{"name":"When User should enter the username and password","status":"broken","statusDetails":{"known":false,"muted":false,"flaky":false,"message":"Communications link failure\n\nThe last packet sent successfully to the server was 0 milliseconds ago. The driver has not received any packets from the server.","trace":"com.mysql.cj.jdbc.exceptions.CommunicationsException: Communications link failure\n\nThe last packet sent successfully to the server was 0 milliseconds ago. The driver has not received any packets from the server.\r\n\tat com.mysql.cj.jdbc.exceptions.SQLError.createCommunicationsException(SQLError.java:174)\r\n\tat com.mysql.cj.jdbc.exceptions.SQLExceptionsMapping.translateException(SQLExceptionsMapping.java:64)\r\n\tat com.mysql.cj.jdbc.ConnectionImpl.createNewIO(ConnectionImpl.java:815)\r\n\tat com.mysql.cj.jdbc.ConnectionImpl.<init>(ConnectionImpl.java:438)\r\n\tat com.mysql.cj.jdbc.ConnectionImpl.getInstance(ConnectionImpl.java:241)\r\n\tat com.mysql.cj.jdbc.NonRegisteringDriver.connect(NonRegisteringDriver.java:189)\r\n\tat java.sql/java.sql.DriverManager.getConnection(DriverManager.java:681)\r\n\tat java.sql/java.sql.DriverManager.getConnection(DriverManager.java:229)\r\n\tat org.advancedautomation.db.Database.getLoginCredentials(Database.java:17)\r\n\tat stepDefinitions.LoginStep.user_should_enter_the_username_and_password(LoginStep.java:45)\r\n\tat ✽.User should enter the username and password(file:///C:/Users/Akshaya.b/git/cucumber-framework/src/test/resources/Features/2home.feature:6)\r\nCaused by: com.mysql.cj.exceptions.CJCommunicationsException: Communications link failure\n\nThe last packet sent successfully to the server was 0 milliseconds ago. The driver has not received any packets from the server.\r\n\tat java.base/jdk.internal.reflect.NativeConstructorAccessorImpl.newInstance0(Native Method)\r\n\tat java.base/jdk.internal.reflect.NativeConstructorAccessorImpl.newInstance(NativeConstructorAccessorImpl.java:77)\r\n\tat java.base/jdk.internal.reflect.DelegatingConstructorAccessorImpl.newInstance(DelegatingConstructorAccessorImpl.java:45)\r\n\tat java.base/java.lang.reflect.Constructor.newInstanceWithCaller(Constructor.java:499)\r\n\tat java.base/java.lang.reflect.Constructor.newInstance(Constructor.java:480)\r\n\tat com.mysql.cj.exceptions.ExceptionFactory.createException(ExceptionFactory.java:61)\r\n\tat com.mysql.cj.exceptions.ExceptionFactory.createException(ExceptionFactory.java:104)\r\n\tat com.mysql.cj.exceptions.ExceptionFactory.createException(ExceptionFactory.java:149)\r\n\tat com.mysql.cj.exceptions.ExceptionFactory.createCommunicationsException(ExceptionFactory.java:165)\r\n\tat com.mysql.cj.protocol.a.NativeSocketConnection.connect(NativeSocketConnection.java:88)\r\n\tat com.mysql.cj.NativeSession.connect(NativeSession.java:120)\r\n\tat com.mysql.cj.jdbc.ConnectionImpl.connectOneTryOnly(ConnectionImpl.java:935)\r\n\tat com.mysql.cj.jdbc.ConnectionImpl.createNewIO(ConnectionImpl.java:805)\r\n\tat com.mysql.cj.jdbc.ConnectionImpl.<init>(ConnectionImpl.java:438)\r\n\tat com.mysql.cj.jdbc.ConnectionImpl.getInstance(ConnectionImpl.java:241)\r\n\tat com.mysql.cj.jdbc.NonRegisteringDriver.connect(NonRegisteringDriver.java:189)\r\n\tat java.sql/java.sql.DriverManager.getConnection(DriverManager.java:681)\r\n\tat java.sql/java.sql.DriverManager.getConnection(DriverManager.java:229)\r\n\tat org.advancedautomation.db.Database.getLoginCredentials(Database.java:17)\r\n\tat stepDefinitions.LoginStep.user_should_enter_the_username_and_password(LoginStep.java:45)\r\n\tat java.base/jdk.internal.reflect.NativeMethodAccessorImpl.invoke0(Native Method)\r\n\tat java.base/jdk.internal.reflect.NativeMethodAccessorImpl.invoke(NativeMethodAccessorImpl.java:77)\r\n\tat java.base/jdk.internal.reflect.DelegatingMethodAccessorImpl.invoke(DelegatingMethodAccessorImpl.java:43)\r\n\tat java.base/java.lang.reflect.Method.invoke(Method.java:568)\r\n\tat io.cucumber.java.Invoker.doInvoke(Invoker.java:66)\r\n\tat io.cucumber.java.Invoker.invoke(Invoker.java:24)\r\n\tat io.cucumber.java.AbstractGlueDefinition.invokeMethod(AbstractGlueDefinition.java:47)\r\n\tat io.cucumber.java.JavaStepDefinition.execute(JavaStepDefinition.java:29)\r\n\tat io.cucumber.core.runner.CoreStepDefinition.execute(CoreStepDefinition.java:66)\r\n\tat io.cucumber.core.runner.PickleStepDefinitionMatch.runStep(PickleStepDefinitionMatch.java:63)\r\n\tat io.cucumber.core.runner.ExecutionMode$1.execute(ExecutionMode.java:10)\r\n\tat io.cucumber.core.runner.TestStep.executeStep(TestStep.java:84)\r\n\tat io.cucumber.core.runner.TestStep.run(TestStep.java:56)\r\n\tat io.cucumber.core.runner.PickleStepTestStep.run(PickleStepTestStep.java:51)\r\n\tat io.cucumber.core.runner.TestCase.run(TestCase.java:84)\r\n\tat io.cucumber.core.runner.Runner.runPickle(Runner.java:75)\r\n\tat io.cucumber.junit.PickleRunners$NoStepDescriptions.lambda$run$0(PickleRunners.java:151)\r\n\tat io.cucumber.core.runtime.CucumberExecutionContext.lambda$runTestCase$5(CucumberExecutionContext.java:137)\r\n\tat io.cucumber.core.runtime.RethrowingThrowableCollector.executeAndThrow(RethrowingThrowableCollector.java:23)\r\n\tat io.cucumber.core.runtime.CucumberExecutionContext.runTestCase(CucumberExecutionContext.java:137)\r\n\tat io.cucumber.junit.PickleRunners$NoStepDescriptions.run(PickleRunners.java:148)\r\n\tat io.cucumber.junit.FeatureRunner.runChild(FeatureRunner.java:144)\r\n\tat io.cucumber.junit.FeatureRunner.runChild(FeatureRunner.java:28)\r\n\tat org.junit.runners.ParentRunner$4.run(ParentRunner.java:331)\r\n\tat org.junit.runners.ParentRunner$1.schedule(ParentRunner.java:79)\r\n\tat org.junit.runners.ParentRunner.runChildren(ParentRunner.java:329)\r\n\tat org.junit.runners.ParentRunner.access$100(ParentRunner.java:66)\r\n\tat org.junit.runners.ParentRunner$2.evaluate(ParentRunner.java:293)\r\n\tat org.junit.runners.ParentRunner$3.evaluate(ParentRunner.java:306)\r\n\tat org.junit.runners.ParentRunner.run(ParentRunner.java:413)\r\n\tat io.cucumber.junit.FeatureRunner.run(FeatureRunner.java:137)\r\n\tat io.cucumber.junit.Cucumber.runChild(Cucumber.java:196)\r\n\tat io.cucumber.junit.Cucumber.runChild(Cucumber.java:89)\r\n\tat org.junit.runners.ParentRunner$4.run(ParentRunner.java:331)\r\n\tat org.junit.runners.ParentRunner$1.schedule(ParentRunner.java:79)\r\n\tat org.junit.runners.ParentRunner.runChildren(ParentRunner.java:329)\r\n\tat org.junit.runners.ParentRunner.access$100(ParentRunner.java:66)\r\n\tat org.junit.runners.ParentRunner$2.evaluate(ParentRunner.java:293)\r\n\tat io.cucumber.core.runtime.CucumberExecutionContext.lambda$runFeatures$6(CucumberExecutionContext.java:148)\r\n\tat io.cucumber.core.runtime.CucumberExecutionContext.execute(CucumberExecutionContext.java:163)\r\n\tat io.cucumber.core.runtime.CucumberExecutionContext.runFeatures(CucumberExecutionContext.java:146)\r\n\tat io.cucumber.junit.Cucumber$StartAndFinishTestRun.evaluate(Cucumber.java:226)\r\n\tat org.junit.runners.ParentRunner$3.evaluate(ParentRunner.java:306)\r\n\tat org.junit.runners.ParentRunner.run(ParentRunner.java:413)\r\n\tat org.eclipse.jdt.internal.junit4.runner.JUnit4TestReference.run(JUnit4TestReference.java:93)\r\n\tat org.eclipse.jdt.internal.junit.runner.TestExecution.run(TestExecution.java:40)\r\n\tat org.eclipse.jdt.internal.junit.runner.RemoteTestRunner.runTests(RemoteTestRunner.java:529)\r\n\tat org.eclipse.jdt.internal.junit.runner.RemoteTestRunner.runTests(RemoteTestRunner.java:757)\r\n\tat org.eclipse.jdt.internal.junit.runner.RemoteTestRunner.run(RemoteTestRunner.java:452)\r\n\tat org.eclipse.jdt.internal.junit.runner.RemoteTestRunner.main(RemoteTestRunner.java:210)\r\nCaused by: java.net.ConnectException: Connection refused: connect\r\n\tat java.base/sun.nio.ch.Net.connect0(Native Method)\r\n\tat java.base/sun.nio.ch.Net.connect(Net.java:579)\r\n\tat java.base/sun.nio.ch.Net.connect(Net.java:568)\r\n\tat java.base/sun.nio.ch.NioSocketImpl.connect(NioSocketImpl.java:593)\r\n\tat java.base/java.net.SocksSocketImpl.connect(SocksSocketImpl.java:327)\r\n\tat java.base/java.net.Socket.connect(Socket.java:633)\r\n\tat com.mysql.cj.protocol.StandardSocketFactory.connect(StandardSocketFactory.java:153)\r\n\tat com.mysql.cj.protocol.a.NativeSocketConnection.connect(NativeSocketConnection.java:62)\r\n\t... 60 more\r\n"},"stage":"finished","steps":[],"attachments":[],"parameters":[],"start":1714546337041,"stop":1714546337051},{"name":"Then User should click the login button","status":"skipped","statusDetails":{"known":false,"muted":false,"flaky":false},"stage":"finished","steps":[],"attachments":[],"parameters":[],"start":1714546337052,"stop":1714546337052},{"name":"Then User should click the app launcher","status":"skipped","statusDetails":{"known":false,"muted":false,"flaky":false},"stage":"finished","steps":[],"attachments":[],"parameters":[],"start":1714546337052,"stop":1714546337052},{"name":"And User should click the search box","status":"skipped","statusDetails":{"known":false,"muted":false,"flaky":false},"stage":"finished","steps":[],"attachments":[],"parameters":[],"start":1714546337052,"stop":1714546337053},{"name":"And User should click the leads","status":"skipped","statusDetails":{"known":false,"muted":false,"flaky":false},"stage":"finished","steps":[],"attachments":[],"parameters":[],"start":1714546337053,"stop":1714546337053}],"attachments":[],"parameters":[],"start":1714546336785,"stop":1714546337054}